<?xml version="1.0" encoding="UTF-8"?>
<!-- Generated by org.testng.reporters.JUnitReportReporter -->
<testsuite skipped="0" hostname="Ajay-PC" name="com.crm.qa.testcases.LoginPageTest" tests="3" failures="0" timestamp="14 Oct 2018 12:31:49 GMT" time="77.202" errors="0">
  <testcase name="loginPageTitleTest" time="12.757" classname="com.crm.qa.testcases.LoginPageTest"/>
  <testcase name="crmLogoTest" time="42.207" classname="com.crm.qa.testcases.LoginPageTest"/>
  <testcase name="loginTest" time="22.238" classname="com.crm.qa.testcases.LoginPageTest"/>
</testsuite> <!-- com.crm.qa.testcases.LoginPageTest -->
