<?xml version="1.0" encoding="UTF-8"?>
<!-- Generated by org.testng.reporters.JUnitReportReporter -->
<testsuite skipped="0" hostname="Ajay-PC" name="com.crm.qa.testcases.ContactsPageTest" tests="5" failures="0" timestamp="14 Oct 2018 12:31:49 GMT" time="140.050" errors="0">
  <testcase name="verifyContactsLabelTest" time="22.143" classname="com.crm.qa.testcases.ContactsPageTest"/>
  <testcase name="clickUsernameCheckboxTest" time="30.088" classname="com.crm.qa.testcases.ContactsPageTest"/>
  <testcase name="validateCreateNewContactTest" time="29.410" classname="com.crm.qa.testcases.ContactsPageTest"/>
  <testcase name="validateCreateNewContactTest" time="28.665" classname="com.crm.qa.testcases.ContactsPageTest"/>
  <testcase name="validateCreateNewContactTest" time="29.744" classname="com.crm.qa.testcases.ContactsPageTest"/>
</testsuite> <!-- com.crm.qa.testcases.ContactsPageTest -->
