<?xml version="1.0" encoding="UTF-8"?>
<!-- Generated by org.testng.reporters.JUnitReportReporter -->
<testsuite skipped="0" hostname="Ajay-PC" name="com.crm.qa.testcases.HomePageTest" tests="3" failures="0" timestamp="14 Oct 2018 12:31:49 GMT" time="70.751" errors="0">
  <testcase name="verifyHomePageTitleTest" time="20.918" classname="com.crm.qa.testcases.HomePageTest"/>
  <testcase name="verifyCorrectUsernameTest" time="26.640" classname="com.crm.qa.testcases.HomePageTest"/>
  <testcase name="clickContactsLink" time="23.193" classname="com.crm.qa.testcases.HomePageTest"/>
</testsuite> <!-- com.crm.qa.testcases.HomePageTest -->
