<?xml version="1.0" encoding="UTF-8"?>
<!-- Generated by org.testng.reporters.JUnitReportReporter -->
<testsuite skipped="0" hostname="Ajay-PC" name="com.crm.qa.testcases.LoginPageTest" tests="3" failures="0" timestamp="16 Oct 2018 01:28:36 GMT" time="59.994" errors="0">
  <testcase name="loginPageTitleTest" time="10.952" classname="com.crm.qa.testcases.LoginPageTest"/>
  <testcase name="crmLogoTest" time="12.145" classname="com.crm.qa.testcases.LoginPageTest"/>
  <testcase name="loginTest" time="36.897" classname="com.crm.qa.testcases.LoginPageTest"/>
</testsuite> <!-- com.crm.qa.testcases.LoginPageTest -->
