<?xml version="1.0" encoding="UTF-8"?>
<!-- Generated by org.testng.reporters.JUnitReportReporter -->
<testsuite skipped="0" hostname="Ajay-PC" name="com.crm.qa.testcases.ContactsPageTest" tests="5" failures="0" timestamp="16 Oct 2018 01:28:36 GMT" time="200.242" errors="0">
  <testcase name="verifyContactsLabelTest" time="37.151" classname="com.crm.qa.testcases.ContactsPageTest"/>
  <testcase name="clickUsernameCheckboxTest" time="29.083" classname="com.crm.qa.testcases.ContactsPageTest"/>
  <testcase name="validateCreateNewContactTest" time="70.023" classname="com.crm.qa.testcases.ContactsPageTest"/>
  <testcase name="validateCreateNewContactTest" time="31.347" classname="com.crm.qa.testcases.ContactsPageTest"/>
  <testcase name="validateCreateNewContactTest" time="32.638" classname="com.crm.qa.testcases.ContactsPageTest"/>
</testsuite> <!-- com.crm.qa.testcases.ContactsPageTest -->
