<?xml version="1.0" encoding="UTF-8"?>
<!-- Generated by org.testng.reporters.JUnitReportReporter -->
<testsuite skipped="0" hostname="Ajay-PC" name="com.crm.qa.testcases.HomePageTest" tests="3" failures="0" timestamp="16 Oct 2018 01:28:36 GMT" time="91.689" errors="0">
  <testcase name="verifyHomePageTitleTest" time="31.384" classname="com.crm.qa.testcases.HomePageTest"/>
  <testcase name="verifyCorrectUsernameTest" time="23.168" classname="com.crm.qa.testcases.HomePageTest"/>
  <testcase name="clickContactsLink" time="37.137" classname="com.crm.qa.testcases.HomePageTest"/>
</testsuite> <!-- com.crm.qa.testcases.HomePageTest -->
